
12:23:31.142 [main] INFO  tp.service.CalculServiceTest - Etant donné, une instance de la classe CalculService
12:23:31.147 [main] INFO  tp.service.CalculServiceTest - Lorsque j'évalue l'addition de l'expression 1+3+4
12:23:31.152 [main] INFO  tp.service.CalculServiceTest - Etant donné, une instance de la classe CalculService
12:23:31.152 [main] INFO  tp.service.CalculServiceTest - Lorsque j'évalue l'addition de l'expression 1+3+4
12:27:55.422 [main] INFO  tp.service.CalculServiceTest - Etant donné, une instance de la classe CalculService
12:27:55.427 [main] INFO  tp.service.CalculServiceTest - Lorsque j'évalue l'addition de l'expression 1+3+4
12:27:55.427 [main] INFO  tp.service - xx
12:27:55.431 [main] INFO  tp.service.CalculServiceTest - Etant donné, une instance de la classe CalculService
12:27:55.431 [main] INFO  tp.service.CalculServiceTest - Lorsque j'évalue l'addition de l'expression 1+3+4
12:27:55.432 [main] INFO  tp.service - 1+3+4
12:27:55.432 [main] INFO  tp.service - 8
12:27:55.432 [main] INFO  tp.service.CalculServiceTest - Alors j'obtiens le résultat 8
12:31:17.375 [main] INFO  tp.service.CalculServiceTest - Etant donné, une instance de la classe CalculService
12:31:17.384 [main] INFO  tp.service.CalculServiceTest - Lorsque j'évalue l'addition de l'expression 1+3+4
12:31:17.384 [main] INFO  tp.service - xx
12:31:17.385 [main] INFO  tp.service.CalculServiceTest - Etant donné, une instance de la classe CalculService
12:31:17.385 [main] INFO  tp.service.CalculServiceTest - Lorsque j'évalue l'addition de l'expression 1+3+4
12:31:17.386 [main] INFO  tp.service - 1+3+4
12:31:17.386 [main] INFO  tp.service - 8
12:31:17.386 [main] INFO  tp.service.CalculServiceTest - Alors j'obtiens le résultat 8
